[ 2017-03-20T13:13:41+08:00 ] 110.75.145.2 /index.php?do=goodslist&i=27&pd=3&m=7
INFO: [ app_init ] --START--
INFO: Run Behavior\BuildLiteBehavior [ RunTime:0.000017s ]
INFO: [ app_init ] --END-- [ RunTime:0.000344s ]
ERR: 无法加载模块:7

[ 2017-03-20T15:42:55+08:00 ] 110.75.145.2 /index.php?do=goodslist&i=27&pd=3&m=6
INFO: [ app_init ] --START--
INFO: Run Behavior\BuildLiteBehavior [ RunTime:0.000018s ]
INFO: [ app_init ] --END-- [ RunTime:0.000372s ]
ERR: 无法加载模块:6

[ 2017-03-20T16:00:20+08:00 ] 110.75.145.2 /index.php?do=goodslist&i=197&pd=192&m=6
INFO: [ app_init ] --START--
INFO: Run Behavior\BuildLiteBehavior [ RunTime:0.000018s ]
INFO: [ app_init ] --END-- [ RunTime:0.000343s ]
ERR: 无法加载模块:6

[ 2017-03-20T16:16:51+08:00 ] 110.75.145.1 /index.php?do=tasklist&i=166&pd=160&s=3
INFO: [ app_init ] --START--
INFO: Run Behavior\BuildLiteBehavior [ RunTime:0.000017s ]
INFO: [ app_init ] --END-- [ RunTime:0.000360s ]
ERR: 无法加载模块:3

[ 2017-03-20T16:17:17+08:00 ] 110.75.145.1 /index.php?do=tasklist&i=166&pd=160&s=4
INFO: [ app_init ] --START--
INFO: Run Behavior\BuildLiteBehavior [ RunTime:0.000020s ]
INFO: [ app_init ] --END-- [ RunTime:0.000394s ]
ERR: 无法加载模块:4

[ 2017-03-20T16:33:24+08:00 ] 110.75.145.1 /index.php?do=tasklist&i=166&pd=160&m=5
INFO: [ app_init ] --START--
INFO: Run Behavior\BuildLiteBehavior [ RunTime:0.000019s ]
INFO: [ app_init ] --END-- [ RunTime:0.000357s ]
ERR: 无法加载模块:5

[ 2017-03-20T16:33:50+08:00 ] 110.75.145.1 /index.php?do=tasklist&i=166&pd=160&m=2
INFO: [ app_init ] --START--
INFO: Run Behavior\BuildLiteBehavior [ RunTime:0.000017s ]
INFO: [ app_init ] --END-- [ RunTime:0.000347s ]
ERR: 无法加载模块:2

[ 2017-03-20T17:08:13+08:00 ] 110.75.145.2 /index.php?do=tasklist&i=166&pd=160&m=3
INFO: [ app_init ] --START--
INFO: Run Behavior\BuildLiteBehavior [ RunTime:0.000025s ]
INFO: [ app_init ] --END-- [ RunTime:0.000390s ]
ERR: 无法加载模块:3

[ 2017-03-20T17:08:38+08:00 ] 110.75.145.2 /index.php?do=tasklist&i=166&pd=160&m=4
INFO: [ app_init ] --START--
INFO: Run Behavior\BuildLiteBehavior [ RunTime:0.000017s ]
INFO: [ app_init ] --END-- [ RunTime:0.000352s ]
ERR: 无法加载模块:4

[ 2017-03-20T17:19:56+08:00 ] 110.75.145.1 /index.php?do=tasklist&i=166&pd=160&s=2
INFO: [ app_init ] --START--
INFO: Run Behavior\BuildLiteBehavior [ RunTime:0.000019s ]
INFO: [ app_init ] --END-- [ RunTime:0.000453s ]
ERR: 无法加载模块:2

[ 2017-03-20T17:30:53+08:00 ] 110.75.145.1 /index.php?do=tasklist&i=166&pd=160&s=1
INFO: [ app_init ] --START--
INFO: Run Behavior\BuildLiteBehavior [ RunTime:0.000018s ]
INFO: [ app_init ] --END-- [ RunTime:0.000391s ]
ERR: 无法加载模块:1

[ 2017-03-20T17:31:51+08:00 ] 110.75.145.1 /index.php?do=goodslist&i=342&pd=335&m=7
INFO: [ app_init ] --START--
INFO: Run Behavior\BuildLiteBehavior [ RunTime:0.000016s ]
INFO: [ app_init ] --END-- [ RunTime:0.000367s ]
ERR: 无法加载模块:7

[ 2017-03-20T17:46:35+08:00 ] 110.75.145.1 /index.php?do=tasklist&i=166&pd=160&m=12
INFO: [ app_init ] --START--
INFO: Run Behavior\BuildLiteBehavior [ RunTime:0.000018s ]
INFO: [ app_init ] --END-- [ RunTime:0.000409s ]
ERR: 无法加载模块:12

[ 2017-03-20T17:47:50+08:00 ] 110.75.145.1 /index.php?do=tasklist&i=166&pd=160&m=1
INFO: [ app_init ] --START--
INFO: Run Behavior\BuildLiteBehavior [ RunTime:0.000018s ]
INFO: [ app_init ] --END-- [ RunTime:0.000425s ]
ERR: 无法加载模块:1

[ 2017-03-20T17:56:11+08:00 ] 140.205.201.33 /index.php/'%22/%3E%3C/script%3E%3Cscript%3Ealert()%3C/script%3E/?do=ajax&view=balance&type=goods&orderId=48&id=15&t=undefined
INFO: [ app_init ] --START--
INFO: Run Behavior\BuildLiteBehavior [ RunTime:0.000020s ]
INFO: [ app_init ] --END-- [ RunTime:0.000397s ]
ERR: 无法加载模块:'"

[ 2017-03-20T18:01:32+08:00 ] 110.75.145.1 /index.php?do=tasklist&i=155&pd=2&m=1
INFO: [ app_init ] --START--
INFO: Run Behavior\BuildLiteBehavior [ RunTime:0.000016s ]
INFO: [ app_init ] --END-- [ RunTime:0.000369s ]
ERR: 无法加载模块:1

[ 2017-03-20T18:02:12+08:00 ] 140.205.201.33 /index.php/%2527%2522%252f%253E%253C%252fscript%253E%253Cscript%253Ealert%2528%2529%253C%252fscript%253E/?do=ajax&view=balance&type=goods&orderId=48&id=15&t=undefined
INFO: [ app_init ] --START--
INFO: Run Behavior\BuildLiteBehavior [ RunTime:0.000019s ]
INFO: [ app_init ] --END-- [ RunTime:0.000418s ]
ERR: 无法加载模块:%27%22%2f%3E%3C%2fscript%3E%3Cscript%3Ealert%28%29%3C%2fscript%3E

[ 2017-03-20T18:02:12+08:00 ] 110.75.145.2 /index.php?do=tasklist&i=161&pd=160&m=1
INFO: [ app_init ] --START--
INFO: Run Behavior\BuildLiteBehavior [ RunTime:0.000019s ]
INFO: [ app_init ] --END-- [ RunTime:0.000395s ]
ERR: 无法加载模块:1

[ 2017-03-20T18:03:08+08:00 ] 110.75.145.1 /index.php?do=goodslist&i=154&pd=2&m=6
INFO: [ app_init ] --START--
INFO: Run Behavior\BuildLiteBehavior [ RunTime:0.000018s ]
INFO: [ app_init ] --END-- [ RunTime:0.000359s ]
ERR: 无法加载模块:6

[ 2017-03-20T18:03:33+08:00 ] 110.75.145.2 /index.php?do=tasklist&i=155&pd=2&s=3
INFO: [ app_init ] --START--
INFO: Run Behavior\BuildLiteBehavior [ RunTime:0.000018s ]
INFO: [ app_init ] --END-- [ RunTime:0.000381s ]
ERR: 无法加载模块:3

[ 2017-03-20T18:03:43+08:00 ] 110.75.145.1 /index.php?do=tasklist&i=155&pd=2&s=4
INFO: [ app_init ] --START--
INFO: Run Behavior\BuildLiteBehavior [ RunTime:0.000018s ]
INFO: [ app_init ] --END-- [ RunTime:0.000350s ]
ERR: 无法加载模块:4

[ 2017-03-20T18:04:58+08:00 ] 110.75.145.2 /index.php?do=tasklist&i=161&pd=160&m=12
INFO: [ app_init ] --START--
INFO: Run Behavior\BuildLiteBehavior [ RunTime:0.000017s ]
INFO: [ app_init ] --END-- [ RunTime:0.000338s ]
ERR: 无法加载模块:12

[ 2017-03-20T18:10:00+08:00 ] 140.205.201.33 /%2527%2522%2520onmouseover%253Dalert%2528%2529%2520d%253D%2527%2522
INFO: [ app_init ] --START--
INFO: Run Behavior\BuildLiteBehavior [ RunTime:0.000075s ]
INFO: [ app_init ] --END-- [ RunTime:0.000580s ]
ERR: 无法加载模块:'" onmouseover=alert() d='"

[ 2017-03-20T18:10:35+08:00 ] 140.205.201.33 /index.php/'%22+onmouseover=alert()+d='%22/?do=ajax&view=balance&type=goods&orderId=48&id=15&t=undefined
INFO: [ app_init ] --START--
INFO: Run Behavior\BuildLiteBehavior [ RunTime:0.000017s ]
INFO: [ app_init ] --END-- [ RunTime:0.000415s ]
ERR: 无法加载模块:'"+onmouseover=alert()+d='"

[ 2017-03-20T18:13:37+08:00 ] 110.75.145.1 /index.php?do=tasklist&i=155&pd=2&s=2
INFO: [ app_init ] --START--
INFO: Run Behavior\BuildLiteBehavior [ RunTime:0.000020s ]
INFO: [ app_init ] --END-- [ RunTime:0.000346s ]
ERR: 无法加载模块:2

[ 2017-03-20T18:13:58+08:00 ] 110.75.145.1 /index.php?do=goodslist&i=154&pd=2&m=7
INFO: [ app_init ] --START--
INFO: Run Behavior\BuildLiteBehavior [ RunTime:0.000028s ]
INFO: [ app_init ] --END-- [ RunTime:0.000600s ]
ERR: 无法加载模块:7

[ 2017-03-20T18:15:04+08:00 ] 140.205.201.33 /index.php/%27%22%20onmouseover%3Dalert%28%29%20d%3D%27%22/?do=ajax&view=balance&type=goods&orderId=48&id=15&t=undefined
INFO: [ app_init ] --START--
INFO: Run Behavior\BuildLiteBehavior [ RunTime:0.000018s ]
INFO: [ app_init ] --END-- [ RunTime:0.000362s ]
ERR: 无法加载模块:'" onmouseover=alert() d='"

[ 2017-03-20T18:17:10+08:00 ] 110.75.145.1 /index.php?do=tasklist&i=161&pd=160&s=1
INFO: [ app_init ] --START--
INFO: Run Behavior\BuildLiteBehavior [ RunTime:0.000045s ]
INFO: [ app_init ] --END-- [ RunTime:0.000605s ]
ERR: 无法加载模块:1

[ 2017-03-20T18:22:36+08:00 ] 140.205.201.33 /index.php/%2527%2522%2520onmouseover%253Dalert%2528%2529%2520d%253D%2527%2522/?do=ajax&view=balance&type=goods&orderId=48&id=15&t=undefined
INFO: [ app_init ] --START--
INFO: Run Behavior\BuildLiteBehavior [ RunTime:0.000024s ]
INFO: [ app_init ] --END-- [ RunTime:0.000433s ]
ERR: 无法加载模块:%27%22%20onmouseover%3Dalert%28%29%20d%3D%27%22

[ 2017-03-20T18:23:15+08:00 ] 110.75.145.2 /index.php?do=tasklist&i=155&pd=2&m=12
INFO: [ app_init ] --START--
INFO: Run Behavior\BuildLiteBehavior [ RunTime:0.000021s ]
INFO: [ app_init ] --END-- [ RunTime:0.000459s ]
ERR: 无法加载模块:12

[ 2017-03-20T18:28:31+08:00 ] 110.75.145.2 /index.php?do=tasklist&m=4
INFO: [ app_init ] --START--
INFO: Run Behavior\BuildLiteBehavior [ RunTime:0.000020s ]
INFO: [ app_init ] --END-- [ RunTime:0.000358s ]
ERR: 无法加载模块:4

[ 2017-03-20T18:32:27+08:00 ] 110.75.145.2 /index.php?do=tasklist&i=155&pd=2&s=1
INFO: [ app_init ] --START--
INFO: Run Behavior\BuildLiteBehavior [ RunTime:0.000018s ]
INFO: [ app_init ] --END-- [ RunTime:0.000343s ]
ERR: 无法加载模块:1

[ 2017-03-20T18:33:47+08:00 ] 110.75.145.2 /index.php?do=tasklist&i=161&pd=160&m=3
INFO: [ app_init ] --START--
INFO: Run Behavior\BuildLiteBehavior [ RunTime:0.000018s ]
INFO: [ app_init ] --END-- [ RunTime:0.000390s ]
ERR: 无法加载模块:3

[ 2017-03-20T18:33:53+08:00 ] 110.75.145.1 /index.php?do=tasklist&i=161&pd=160&m=4
INFO: [ app_init ] --START--
INFO: Run Behavior\BuildLiteBehavior [ RunTime:0.000019s ]
INFO: [ app_init ] --END-- [ RunTime:0.000403s ]
ERR: 无法加载模块:4

[ 2017-03-20T18:34:46+08:00 ] 110.75.145.2 /index.php?do=tasklist&i=155&pd=2&m=3
INFO: [ app_init ] --START--
INFO: Run Behavior\BuildLiteBehavior [ RunTime:0.000017s ]
INFO: [ app_init ] --END-- [ RunTime:0.000371s ]
ERR: 无法加载模块:3

[ 2017-03-20T18:34:51+08:00 ] 110.75.145.1 /index.php?do=tasklist&i=155&pd=2&m=4
INFO: [ app_init ] --START--
INFO: Run Behavior\BuildLiteBehavior [ RunTime:0.000069s ]
INFO: [ app_init ] --END-- [ RunTime:0.000614s ]
ERR: 无法加载模块:4

[ 2017-03-20T18:36:53+08:00 ] 110.75.145.2 /index.php?do=tasklist&i=161&pd=160&s=2
INFO: [ app_init ] --START--
INFO: Run Behavior\BuildLiteBehavior [ RunTime:0.000016s ]
INFO: [ app_init ] --END-- [ RunTime:0.000368s ]
ERR: 无法加载模块:2

[ 2017-03-20T18:43:17+08:00 ] 110.75.145.2 /index.php?do=tasklist&i=161&pd=160&s=3
INFO: [ app_init ] --START--
INFO: Run Behavior\BuildLiteBehavior [ RunTime:0.000017s ]
INFO: [ app_init ] --END-- [ RunTime:0.000348s ]
ERR: 无法加载模块:3

[ 2017-03-20T18:43:27+08:00 ] 110.75.145.1 /index.php?do=tasklist&i=161&pd=160&s=4
INFO: [ app_init ] --START--
INFO: Run Behavior\BuildLiteBehavior [ RunTime:0.000016s ]
INFO: [ app_init ] --END-- [ RunTime:0.000337s ]
ERR: 无法加载模块:4

[ 2017-03-20T18:49:01+08:00 ] 110.75.145.1 /index.php?do=tasklist&i=155&pd=2&m=5
INFO: [ app_init ] --START--
INFO: Run Behavior\BuildLiteBehavior [ RunTime:0.000016s ]
INFO: [ app_init ] --END-- [ RunTime:0.000335s ]
ERR: 无法加载模块:5

[ 2017-03-20T18:49:32+08:00 ] 110.75.145.2 /index.php?do=tasklist&i=155&pd=2&m=2
INFO: [ app_init ] --START--
INFO: Run Behavior\BuildLiteBehavior [ RunTime:0.000017s ]
INFO: [ app_init ] --END-- [ RunTime:0.000371s ]
ERR: 无法加载模块:2

[ 2017-03-20T18:52:27+08:00 ] 110.75.145.2 /index.php?do=tasklist&i=161&pd=160&m=5
INFO: [ app_init ] --START--
INFO: Run Behavior\BuildLiteBehavior [ RunTime:0.000017s ]
INFO: [ app_init ] --END-- [ RunTime:0.000338s ]
ERR: 无法加载模块:5

[ 2017-03-20T18:52:43+08:00 ] 110.75.145.1 /index.php?do=tasklist&i=161&pd=160&m=2
INFO: [ app_init ] --START--
INFO: Run Behavior\BuildLiteBehavior [ RunTime:0.000016s ]
INFO: [ app_init ] --END-- [ RunTime:0.000347s ]
ERR: 无法加载模块:2

[ 2017-03-20T19:03:31+08:00 ] 110.75.145.1 /index.php?do=goodslist&i=342&pd=335&m=6
INFO: [ app_init ] --START--
INFO: Run Behavior\BuildLiteBehavior [ RunTime:0.000025s ]
INFO: [ app_init ] --END-- [ RunTime:0.000482s ]
ERR: 无法加载模块:6

